c:\users\kousu\onedrive\デスクトップ\hal3年\gm31\gm31 _2023_06_06\gm31 _2023_06_06\gm31\x64\debug\vc143.pdb
c:\users\kousu\onedrive\デスクトップ\hal3年\gm31\gm31 _2023_06_06\gm31 _2023_06_06\gm31\x64\debug\vc143.idb
c:\users\kousu\onedrive\デスクトップ\hal3年\gm31\gm31 _2023_06_06\gm31 _2023_06_06\gm31\x64\debug\sprite.obj
c:\users\kousu\onedrive\デスクトップ\hal3年\gm31\gm31 _2023_06_06\gm31 _2023_06_06\gm31\x64\debug\renderer.obj
c:\users\kousu\onedrive\デスクトップ\hal3年\gm31\gm31 _2023_06_06\gm31 _2023_06_06\gm31\x64\debug\polygon2d.obj
c:\users\kousu\onedrive\デスクトップ\hal3年\gm31\gm31 _2023_06_06\gm31 _2023_06_06\gm31\x64\debug\player.obj
c:\users\kousu\onedrive\デスクトップ\hal3年\gm31\gm31 _2023_06_06\gm31 _2023_06_06\gm31\x64\debug\model.obj
c:\users\kousu\onedrive\デスクトップ\hal3年\gm31\gm31 _2023_06_06\gm31 _2023_06_06\gm31\x64\debug\manager.obj
c:\users\kousu\onedrive\デスクトップ\hal3年\gm31\gm31 _2023_06_06\gm31 _2023_06_06\gm31\x64\debug\main.obj
c:\users\kousu\onedrive\デスクトップ\hal3年\gm31\gm31 _2023_06_06\gm31 _2023_06_06\gm31\x64\debug\input.obj
c:\users\kousu\onedrive\デスクトップ\hal3年\gm31\gm31 _2023_06_06\gm31 _2023_06_06\gm31\x64\debug\field.obj
c:\users\kousu\onedrive\デスクトップ\hal3年\gm31\gm31 _2023_06_06\gm31 _2023_06_06\gm31\x64\debug\explosion.obj
c:\users\kousu\onedrive\デスクトップ\hal3年\gm31\gm31 _2023_06_06\gm31 _2023_06_06\gm31\x64\debug\enemy.obj
c:\users\kousu\onedrive\デスクトップ\hal3年\gm31\gm31 _2023_06_06\gm31 _2023_06_06\gm31\x64\debug\camera.obj
c:\users\kousu\onedrive\デスクトップ\hal3年\gm31\gm31 _2023_06_06\gm31 _2023_06_06\gm31\x64\debug\bullet.obj
c:\users\kousu\onedrive\デスクトップ\hal3年\gm31\gm31 _2023_06_06\gm31 _2023_06_06\gm31\x64\debug\cylinder.obj
c:\users\kousu\onedrive\デスクトップ\hal3年\gm31\gm31 _2023_06_06\gm31 _2023_06_06\gm31\x64\debug\box.obj
c:\users\kousu\onedrive\デスクトップ\hal3年\gm31\gm31 _2023_06_22_画面遷移\gm31 _2023_06_06\gm31\x64\debug\vc143.pdb
c:\users\kousu\onedrive\デスクトップ\hal3年\gm31\gm31 _2023_06_22_画面遷移\gm31 _2023_06_06\gm31\x64\debug\vc143.idb
c:\users\kousu\onedrive\デスクトップ\hal3年\gm31\gm31 _2023_06_22_画面遷移\gm31 _2023_06_06\gm31\x64\debug\sprite.obj
c:\users\kousu\onedrive\デスクトップ\hal3年\gm31\gm31 _2023_06_22_画面遷移\gm31 _2023_06_06\gm31\x64\debug\renderer.obj
c:\users\kousu\onedrive\デスクトップ\hal3年\gm31\gm31 _2023_06_22_画面遷移\gm31 _2023_06_06\gm31\x64\debug\polygon2d.obj
c:\users\kousu\onedrive\デスクトップ\hal3年\gm31\gm31 _2023_06_22_画面遷移\gm31 _2023_06_06\gm31\x64\debug\player.obj
c:\users\kousu\onedrive\デスクトップ\hal3年\gm31\gm31 _2023_06_22_画面遷移\gm31 _2023_06_06\gm31\x64\debug\model.obj
c:\users\kousu\onedrive\デスクトップ\hal3年\gm31\gm31 _2023_06_22_画面遷移\gm31 _2023_06_06\gm31\x64\debug\manager.obj
c:\users\kousu\onedrive\デスクトップ\hal3年\gm31\gm31 _2023_06_22_画面遷移\gm31 _2023_06_06\gm31\x64\debug\main.obj
c:\users\kousu\onedrive\デスクトップ\hal3年\gm31\gm31 _2023_06_22_画面遷移\gm31 _2023_06_06\gm31\x64\debug\input.obj
c:\users\kousu\onedrive\デスクトップ\hal3年\gm31\gm31 _2023_06_22_画面遷移\gm31 _2023_06_06\gm31\x64\debug\field.obj
c:\users\kousu\onedrive\デスクトップ\hal3年\gm31\gm31 _2023_06_22_画面遷移\gm31 _2023_06_06\gm31\x64\debug\explosion.obj
c:\users\kousu\onedrive\デスクトップ\hal3年\gm31\gm31 _2023_06_22_画面遷移\gm31 _2023_06_06\gm31\x64\debug\enemy.obj
c:\users\kousu\onedrive\デスクトップ\hal3年\gm31\gm31 _2023_06_22_画面遷移\gm31 _2023_06_06\gm31\x64\debug\cylinder.obj
c:\users\kousu\onedrive\デスクトップ\hal3年\gm31\gm31 _2023_06_22_画面遷移\gm31 _2023_06_06\gm31\x64\debug\camera.obj
c:\users\kousu\onedrive\デスクトップ\hal3年\gm31\gm31 _2023_06_22_画面遷移\gm31 _2023_06_06\gm31\x64\debug\bullet.obj
c:\users\kousu\onedrive\デスクトップ\hal3年\gm31\gm31 _2023_06_22_画面遷移\gm31 _2023_06_06\gm31\x64\debug\box.obj
c:\users\kousu\onedrive\デスクトップ\hal3年\gm31\gm31 _2023_06_06\gm31 _2023_06_06\gm31\shader\unlittextureps.cso
c:\users\kousu\onedrive\デスクトップ\hal3年\gm31\gm31 _2023_06_06\gm31 _2023_06_06\gm31\shader\unlittexturevs.cso
c:\users\kousu\onedrive\デスクトップ\hal3年\gm31\gm31 _2023_06_06\gm31 _2023_06_06\gm31\shader\vertexlightingps.cso
c:\users\kousu\onedrive\デスクトップ\hal3年\gm31\gm31 _2023_06_06\gm31 _2023_06_06\gm31\shader\vertexlightingvs.cso
c:\users\kousu\onedrive\デスクトップ\hal3年\gm31\gm31 _2023_06_22_画面遷移\gm31 _2023_06_06\gm31\shader\unlittextureps.cso
c:\users\kousu\onedrive\デスクトップ\hal3年\gm31\gm31 _2023_06_22_画面遷移\gm31 _2023_06_06\gm31\shader\unlittexturevs.cso
c:\users\kousu\onedrive\デスクトップ\hal3年\gm31\gm31 _2023_06_22_画面遷移\gm31 _2023_06_06\gm31\shader\vertexlightingps.cso
c:\users\kousu\onedrive\デスクトップ\hal3年\gm31\gm31 _2023_06_22_画面遷移\gm31 _2023_06_06\gm31\shader\vertexlightingvs.cso
c:\users\kousu\onedrive\デスクトップ\hal3年\gm31\gm31 _2023_06_06\gm31 _2023_06_06\gm31\x64\debug\gm31.exe
c:\users\kousu\onedrive\デスクトップ\hal3年\gm31\gm31 _2023_06_06\gm31 _2023_06_06\gm31\x64\debug\gm31.ilk
c:\users\kousu\onedrive\デスクトップ\hal3年\gm31\gm31 _2023_06_06\gm31 _2023_06_06\gm31\x64\debug\gm31.pdb
c:\users\kousu\onedrive\デスクトップ\hal3年\gm31\gm31 _2023_06_22_画面遷移\gm31 _2023_06_06\gm31\x64\debug\gm31.exe
c:\users\kousu\onedrive\デスクトップ\hal3年\gm31\gm31 _2023_06_22_画面遷移\gm31 _2023_06_06\gm31\x64\debug\gm31.ilk
c:\users\kousu\onedrive\デスクトップ\hal3年\gm31\gm31 _2023_06_22_画面遷移\gm31 _2023_06_06\gm31\x64\debug\gm31.pdb
c:\users\kousu\onedrive\デスクトップ\hal3年\gm31\gm31 _2023_06_22_画面遷移\gm31 _2023_06_06\gm31\x64\debug\vc142.idb
c:\users\kousu\onedrive\デスクトップ\hal3年\gm31\gm31 _2023_06_22_画面遷移\gm31 _2023_06_06\gm31\x64\debug\vc142.pdb
c:\users\kousu\onedrive\デスクトップ\hal3年\gm31\gm31 _2023_06_22_画面遷移\gm31 _2023_06_06\gm31\x64\debug\gm31.tlog\cl.command.1.tlog
c:\users\kousu\onedrive\デスクトップ\hal3年\gm31\gm31 _2023_06_22_画面遷移\gm31 _2023_06_06\gm31\x64\debug\gm31.tlog\cl.items.tlog
c:\users\kousu\onedrive\デスクトップ\hal3年\gm31\gm31 _2023_06_22_画面遷移\gm31 _2023_06_06\gm31\x64\debug\gm31.tlog\cl.read.1.tlog
c:\users\kousu\onedrive\デスクトップ\hal3年\gm31\gm31 _2023_06_22_画面遷移\gm31 _2023_06_06\gm31\x64\debug\gm31.tlog\cl.write.1.tlog
c:\users\kousu\onedrive\デスクトップ\hal3年\gm31\gm31 _2023_06_22_画面遷移\gm31 _2023_06_06\gm31\x64\debug\gm31.tlog\fxc.command.1.tlog
c:\users\kousu\onedrive\デスクトップ\hal3年\gm31\gm31 _2023_06_22_画面遷移\gm31 _2023_06_06\gm31\x64\debug\gm31.tlog\fxc.read.1.tlog
c:\users\kousu\onedrive\デスクトップ\hal3年\gm31\gm31 _2023_06_22_画面遷移\gm31 _2023_06_06\gm31\x64\debug\gm31.tlog\fxc.write.1.tlog
c:\users\kousu\onedrive\デスクトップ\hal3年\gm31\gm31 _2023_06_22_画面遷移\gm31 _2023_06_06\gm31\x64\debug\gm31.tlog\link.command.1.tlog
c:\users\kousu\onedrive\デスクトップ\hal3年\gm31\gm31 _2023_06_22_画面遷移\gm31 _2023_06_06\gm31\x64\debug\gm31.tlog\link.read.1.tlog
c:\users\kousu\onedrive\デスクトップ\hal3年\gm31\gm31 _2023_06_22_画面遷移\gm31 _2023_06_06\gm31\x64\debug\gm31.tlog\link.write.1.tlog
